[debug] [2024-06-18T21:37:36.453Z] ----------------------------------------------------------------------
[debug] [2024-06-18T21:37:36.458Z] Command:       C:\Program Files\nodejs\node.exe C:\Users\conno\AppData\Local\pnpm\global\5\node_modules\firebase-tools\lib\bin\firebase.js init hosting
[debug] [2024-06-18T21:37:36.459Z] CLI Version:   13.11.2
[debug] [2024-06-18T21:37:36.459Z] Platform:      win32
[debug] [2024-06-18T21:37:36.460Z] Node Version:  v20.8.0
[debug] [2024-06-18T21:37:36.460Z] Time:          Tue Jun 18 2024 14:37:36 GMT-0700 (Pacific Daylight Time)
[debug] [2024-06-18T21:37:36.460Z] ----------------------------------------------------------------------
[debug] 
[debug] [2024-06-18T21:37:36.607Z] > command requires scopes: ["email","openid","https://www.googleapis.com/auth/cloudplatformprojects.readonly","https://www.googleapis.com/auth/firebase","https://www.googleapis.com/auth/cloud-platform"]
[debug] [2024-06-18T21:37:36.608Z] > authorizing via signed-in user (cjm.zone@gmail.com)
[info] 
     ######## #### ########  ######## ########     ###     ######  ########
     ##        ##  ##     ## ##       ##     ##  ##   ##  ##       ##
     ######    ##  ########  ######   ########  #########  ######  ######
     ##        ##  ##    ##  ##       ##     ## ##     ##       ## ##
     ##       #### ##     ## ######## ########  ##     ##  ######  ########

You're about to initialize a Firebase project in this directory:

  C:\projects\personal\current-development-tools_test

Before we get started, keep in mind:

  * You are currently outside your home directory
  * You are initializing within an existing Firebase project directory

[info] 
=== Project Setup
[info] 
[info] First, let's associate this project directory with a Firebase project.
[info] You can create multiple project aliases by running firebase use --add, 
[info] but for now we'll just set up a default project.
[info] 
[debug] [2024-06-18T21:37:41.327Z] Using project from CLI flag: webhook-789cc
[debug] [2024-06-18T21:37:41.329Z] >>> [apiv2][query] GET https://firebase.googleapis.com/v1beta1/projects/webhook-789cc [none]
[debug] [2024-06-18T21:37:41.641Z] <<< [apiv2][status] GET https://firebase.googleapis.com/v1beta1/projects/webhook-789cc 200
[debug] [2024-06-18T21:37:41.641Z] <<< [apiv2][body] GET https://firebase.googleapis.com/v1beta1/projects/webhook-789cc {"projectId":"webhook-789cc","projectNumber":"979350298588","displayName":"webhook","name":"projects/webhook-789cc","resources":{"hostingSite":"webhook-789cc"},"state":"ACTIVE","etag":"1_eaabfb5f-a42e-4d3b-8dc3-81d3a54fe618"}
[info] i  Using project webhook-789cc (webhook) 
[info] 
=== Hosting Setup
[debug] [2024-06-18T21:37:41.655Z] >>> [apiv2][query] GET https://firebase.googleapis.com/v1beta1/projects/webhook-789cc [none]
[debug] [2024-06-18T21:37:41.919Z] <<< [apiv2][status] GET https://firebase.googleapis.com/v1beta1/projects/webhook-789cc 200
[debug] [2024-06-18T21:37:41.920Z] <<< [apiv2][body] GET https://firebase.googleapis.com/v1beta1/projects/webhook-789cc {"projectId":"webhook-789cc","projectNumber":"979350298588","displayName":"webhook","name":"projects/webhook-789cc","resources":{"hostingSite":"webhook-789cc"},"state":"ACTIVE","etag":"1_eaabfb5f-a42e-4d3b-8dc3-81d3a54fe618"}
[info] 
[info] Your public directory is the folder (relative to your project directory) that
[info] will contain Hosting assets to be uploaded with firebase deploy. If you
[info] have a build process for your assets, use your build's output directory.
[info] 
